[debug] [2024-06-08T20:46:19.895Z] ----------------------------------------------------------------------
[debug] [2024-06-08T20:46:19.897Z] Command:       /home/konrad/.nvm/versions/node/v20.11.1/bin/node /home/konrad/.nvm/versions/node/v20.11.1/bin/firebase deploy
[debug] [2024-06-08T20:46:19.897Z] CLI Version:   13.4.0
[debug] [2024-06-08T20:46:19.897Z] Platform:      linux
[debug] [2024-06-08T20:46:19.897Z] Node Version:  v20.11.1
[debug] [2024-06-08T20:46:19.897Z] Time:          Sat Jun 08 2024 22:46:19 GMT+0200 (Central European Summer Time)
[debug] [2024-06-08T20:46:19.897Z] ----------------------------------------------------------------------
[debug] 
[debug] [2024-06-08T20:46:19.946Z] > command requires scopes: ["email","openid","https://www.googleapis.com/auth/cloudplatformprojects.readonly","https://www.googleapis.com/auth/firebase","https://www.googleapis.com/auth/cloud-platform"]
[debug] [2024-06-08T20:46:19.946Z] > authorizing via signed-in user (konradklimczak93@gmail.com)
[debug] [2024-06-08T20:46:19.946Z] [iam] checking project hotdog-a5cc5 for permissions ["firebase.projects.get","firebasehosting.sites.update"]
[debug] [2024-06-08T20:46:19.947Z] >>> [apiv2][query] POST https://cloudresourcemanager.googleapis.com/v1/projects/hotdog-a5cc5:testIamPermissions [none]
[debug] [2024-06-08T20:46:19.947Z] >>> [apiv2][(partial)header] POST https://cloudresourcemanager.googleapis.com/v1/projects/hotdog-a5cc5:testIamPermissions x-goog-quota-user=projects/hotdog-a5cc5
[debug] [2024-06-08T20:46:19.948Z] >>> [apiv2][body] POST https://cloudresourcemanager.googleapis.com/v1/projects/hotdog-a5cc5:testIamPermissions {"permissions":["firebase.projects.get","firebasehosting.sites.update"]}
[debug] [2024-06-08T20:46:20.745Z] <<< [apiv2][status] POST https://cloudresourcemanager.googleapis.com/v1/projects/hotdog-a5cc5:testIamPermissions 200
[debug] [2024-06-08T20:46:20.746Z] <<< [apiv2][body] POST https://cloudresourcemanager.googleapis.com/v1/projects/hotdog-a5cc5:testIamPermissions {"permissions":["firebase.projects.get","firebasehosting.sites.update"]}
[debug] [2024-06-08T20:46:20.746Z] >>> [apiv2][query] GET https://firebase.googleapis.com/v1beta1/projects/hotdog-a5cc5 [none]
[debug] [2024-06-08T20:46:21.046Z] <<< [apiv2][status] GET https://firebase.googleapis.com/v1beta1/projects/hotdog-a5cc5 200
[debug] [2024-06-08T20:46:21.046Z] <<< [apiv2][body] GET https://firebase.googleapis.com/v1beta1/projects/hotdog-a5cc5 {"projectId":"hotdog-a5cc5","projectNumber":"398373685291","displayName":"100hotdog","name":"projects/hotdog-a5cc5","resources":{"hostingSite":"hotdog-a5cc5","storageBucket":"hotdog-a5cc5.appspot.com","locationId":"europe-central2"},"state":"ACTIVE","etag":"1_258b9435-783c-4c35-ac33-fa032e9b9fb3"}
[debug] [2024-06-08T20:46:22.265Z] >>> [apiv2][query] GET https://firebasehosting.googleapis.com/v1beta1/projects/hotdog-a5cc5/sites pageToken=&pageSize=10
[debug] [2024-06-08T20:46:23.225Z] <<< [apiv2][status] GET https://firebasehosting.googleapis.com/v1beta1/projects/hotdog-a5cc5/sites 200
[debug] [2024-06-08T20:46:23.225Z] <<< [apiv2][body] GET https://firebasehosting.googleapis.com/v1beta1/projects/hotdog-a5cc5/sites {"sites":[{"name":"projects/hotdog-a5cc5/sites/hotdog-a5cc5","defaultUrl":"https://hotdog-a5cc5.web.app","type":"DEFAULT_SITE"}]}
[debug] [2024-06-08T20:46:23.226Z] >>> [apiv2][query] GET https://firebasehosting.googleapis.com/v1beta1/projects/hotdog-a5cc5/sites 
[debug] [2024-06-08T20:46:23.603Z] <<< [apiv2][status] GET https://firebasehosting.googleapis.com/v1beta1/projects/hotdog-a5cc5/sites 200
[debug] [2024-06-08T20:46:23.603Z] <<< [apiv2][body] GET https://firebasehosting.googleapis.com/v1beta1/projects/hotdog-a5cc5/sites {"sites":[{"name":"projects/hotdog-a5cc5/sites/hotdog-a5cc5","defaultUrl":"https://hotdog-a5cc5.web.app","type":"DEFAULT_SITE"}]}
[debug] [2024-06-08T20:46:23.603Z] >>> [apiv2][query] GET https://firebase.googleapis.com/v1beta1/projects/hotdog-a5cc5/webApps/-/config [none]
[debug] [2024-06-08T20:46:24.305Z] <<< [apiv2][status] GET https://firebase.googleapis.com/v1beta1/projects/hotdog-a5cc5/webApps/-/config 200
[debug] [2024-06-08T20:46:24.305Z] <<< [apiv2][body] GET https://firebase.googleapis.com/v1beta1/projects/hotdog-a5cc5/webApps/-/config {"projectId":"hotdog-a5cc5","appId":"1:398373685291:web:b5c54eb225b5f271d0426e","storageBucket":"hotdog-a5cc5.appspot.com","locationId":"europe-central2","apiKey":"AIzaSyD5E4Xubgvyp4f7RESvK8IHpktFEaz9j-8","authDomain":"hotdog-a5cc5.firebaseapp.com","messagingSenderId":"398373685291","measurementId":"G-90N45NHMXD"}
